<?xml version="1.0" encoding="UTF-8"?>
<!-- Generated by org.testng.reporters.JUnitReportReporter -->
<testsuite hostname="DESKTOP-7C2MP5O" failures="0" tests="1" name="Practice1.SumValidation" time="2.546" errors="0" timestamp="2022-09-04T19:08:07 IST" skipped="0">
  <testcase classname="Practice1.SumValidation" name="sumOfCourses" time="2.546"/>
  <system-out/>
</testsuite> <!-- Practice1.SumValidation -->
